# Logfile created on 2014-05-21 10:22:48 +0300 by logger.rb/44203
I, [2014-05-21T10:22:48.021836 #63126]  INFO -- : 0:  rake (10.3.1) from /Users/alexandr/.rvm/gems/ruby-2.1.0@law/specifications/rake-10.3.1.gemspec
I, [2014-05-21T10:22:49.269814 #63126]  INFO -- : 0:  i18n (0.6.9) from /Users/alexandr/.rvm/gems/ruby-2.1.0@law/specifications/i18n-0.6.9.gemspec
I, [2014-05-21T10:22:49.270189 #63126]  INFO -- : 0:  minitest (4.7.5) from /Users/alexandr/.rvm/rubies/ruby-2.1.0/lib/ruby/gems/2.1.0/specifications/default/minitest-4.7.5.gemspec
I, [2014-05-21T10:22:50.485129 #63126]  INFO -- : 0:  multi_json (1.10.0) from /Users/alexandr/.rvm/gems/ruby-2.1.0@law/specifications/multi_json-1.10.0.gemspec
I, [2014-05-21T10:22:51.856473 #63126]  INFO -- : 0:  thread_safe (0.3.3) from /Users/alexandr/.rvm/gems/ruby-2.1.0@law/specifications/thread_safe-0.3.3.gemspec
I, [2014-05-21T10:22:53.968273 #63126]  INFO -- : 0:  tzinfo (0.3.39) from /Users/alexandr/.rvm/gems/ruby-2.1.0@law/specifications/tzinfo-0.3.39.gemspec
I, [2014-05-21T10:22:55.717380 #63126]  INFO -- : 0:  activesupport (4.0.3) from /Users/alexandr/.rvm/gems/ruby-2.1.0@law/specifications/activesupport-4.0.3.gemspec
I, [2014-05-21T10:22:56.937950 #63126]  INFO -- : 0:  builder (3.1.4) from /Users/alexandr/.rvm/gems/ruby-2.1.0@law/specifications/builder-3.1.4.gemspec
I, [2014-05-21T10:22:58.502983 #63126]  INFO -- : 0:  erubis (2.7.0) from /Users/alexandr/.rvm/gems/ruby-2.1.0@law/specifications/erubis-2.7.0.gemspec
I, [2014-05-21T10:23:00.113400 #63126]  INFO -- : 0:  rack (1.5.2) from /Users/alexandr/.rvm/gems/ruby-2.1.0@law/specifications/rack-1.5.2.gemspec
I, [2014-05-21T10:23:01.360531 #63126]  INFO -- : 0:  rack-test (0.6.2) from /Users/alexandr/.rvm/gems/ruby-2.1.0@law/specifications/rack-test-0.6.2.gemspec
I, [2014-05-21T10:23:03.118612 #63126]  INFO -- : 0:  actionpack (4.0.3) from /Users/alexandr/.rvm/gems/ruby-2.1.0@law/specifications/actionpack-4.0.3.gemspec
I, [2014-05-21T10:23:04.373409 #63126]  INFO -- : 0:  mime-types (1.25.1) from /Users/alexandr/.rvm/gems/ruby-2.1.0@law/specifications/mime-types-1.25.1.gemspec
I, [2014-05-21T10:23:06.111710 #63126]  INFO -- : 0:  polyglot (0.3.4) from /Users/alexandr/.rvm/gems/ruby-2.1.0@law/specifications/polyglot-0.3.4.gemspec
I, [2014-05-21T10:23:07.438295 #63126]  INFO -- : 0:  treetop (1.4.15) from /Users/alexandr/.rvm/gems/ruby-2.1.0@law/specifications/treetop-1.4.15.gemspec
I, [2014-05-21T10:23:09.134752 #63126]  INFO -- : 0:  mail (2.5.4) from /Users/alexandr/.rvm/gems/ruby-2.1.0@law/specifications/mail-2.5.4.gemspec
I, [2014-05-21T10:23:10.800893 #63126]  INFO -- : 0:  actionmailer (4.0.3) from /Users/alexandr/.rvm/gems/ruby-2.1.0@law/specifications/actionmailer-4.0.3.gemspec
I, [2014-05-21T10:23:12.022045 #63126]  INFO -- : 0:  activemodel (4.0.3) from /Users/alexandr/.rvm/gems/ruby-2.1.0@law/specifications/activemodel-4.0.3.gemspec
I, [2014-05-21T10:23:13.153553 #63126]  INFO -- : 0:  activerecord-deprecated_finders (1.0.3) from /Users/alexandr/.rvm/gems/ruby-2.1.0@law/specifications/activerecord-deprecated_finders-1.0.3.gemspec
I, [2014-05-21T10:23:14.579998 #63126]  INFO -- : 0:  arel (4.0.2) from /Users/alexandr/.rvm/gems/ruby-2.1.0@law/specifications/arel-4.0.2.gemspec
I, [2014-05-21T10:23:16.386252 #63126]  INFO -- : 0:  activerecord (4.0.3) from /Users/alexandr/.rvm/gems/ruby-2.1.0@law/specifications/activerecord-4.0.3.gemspec
I, [2014-05-21T10:23:19.612630 #63126]  INFO -- : 0:  bcrypt-ruby (3.1.2) from /Users/alexandr/.rvm/gems/ruby-2.1.0@law/specifications/bcrypt-ruby-3.1.2.gemspec
I, [2014-05-21T10:23:22.192267 #63126]  INFO -- : 0:  sass (3.3.7) from /Users/alexandr/.rvm/gems/ruby-2.1.0@law/specifications/sass-3.3.7.gemspec
I, [2014-05-21T10:23:25.086502 #63126]  INFO -- : 0:  bootstrap-sass (3.1.1.1) from /Users/alexandr/.rvm/gems/ruby-2.1.0@law/specifications/bootstrap-sass-3.1.1.1.gemspec
I, [2014-05-21T10:23:26.303954 #63126]  INFO -- : 0:  will_paginate (3.0.4) from /Users/alexandr/.rvm/gems/ruby-2.1.0@law/specifications/will_paginate-3.0.4.gemspec
I, [2014-05-21T10:23:27.359871 #63126]  INFO -- : 0:  bootstrap-will_paginate (0.0.10) from /Users/alexandr/.rvm/gems/ruby-2.1.0@law/specifications/bootstrap-will_paginate-0.0.10.gemspec
I, [2014-05-21T10:23:28.410832 #63126]  INFO -- : 0:  mini_portile (0.5.3) from /Users/alexandr/.rvm/gems/ruby-2.1.0@law/specifications/mini_portile-0.5.3.gemspec
I, [2014-05-21T10:25:02.803365 #63126]  INFO -- : 0:  nokogiri (1.6.1) from /Users/alexandr/.rvm/gems/ruby-2.1.0@law/specifications/nokogiri-1.6.1.gemspec
I, [2014-05-21T10:25:04.096877 #63126]  INFO -- : 0:  xpath (2.0.0) from /Users/alexandr/.rvm/gems/ruby-2.1.0@law/specifications/xpath-2.0.0.gemspec
I, [2014-05-21T10:25:05.757349 #63126]  INFO -- : 0:  capybara (2.1.0) from /Users/alexandr/.rvm/gems/ruby-2.1.0@law/specifications/capybara-2.1.0.gemspec
I, [2014-05-21T10:25:06.810395 #63126]  INFO -- : 0:  timers (1.1.0) from /Users/alexandr/.rvm/gems/ruby-2.1.0@law/specifications/timers-1.1.0.gemspec
I, [2014-05-21T10:25:08.003981 #63126]  INFO -- : 0:  celluloid (0.15.2) from /Users/alexandr/.rvm/gems/ruby-2.1.0@law/specifications/celluloid-0.15.2.gemspec
I, [2014-05-21T10:25:10.521944 #63126]  INFO -- : 0:  nio4r (1.0.0) from /Users/alexandr/.rvm/gems/ruby-2.1.0@law/specifications/nio4r-1.0.0.gemspec
I, [2014-05-21T10:25:11.790525 #63126]  INFO -- : 0:  celluloid-io (0.15.0) from /Users/alexandr/.rvm/gems/ruby-2.1.0@law/specifications/celluloid-io-0.15.0.gemspec
I, [2014-05-21T10:25:17.534419 #63126]  INFO -- : 0:  ffi (1.9.3) from /Users/alexandr/.rvm/gems/ruby-2.1.0@law/specifications/ffi-1.9.3.gemspec
I, [2014-05-21T10:25:18.825269 #63126]  INFO -- : 0:  childprocess (0.3.6) from /Users/alexandr/.rvm/gems/ruby-2.1.0@law/specifications/childprocess-0.3.6.gemspec
I, [2014-05-21T10:25:20.138521 #63126]  INFO -- : 0:  coderay (1.1.0) from /Users/alexandr/.rvm/gems/ruby-2.1.0@law/specifications/coderay-1.1.0.gemspec
I, [2014-05-21T10:25:21.372026 #63126]  INFO -- : 0:  coffee-script-source (1.7.0) from /Users/alexandr/.rvm/gems/ruby-2.1.0@law/specifications/coffee-script-source-1.7.0.gemspec
I, [2014-05-21T10:25:22.598992 #63126]  INFO -- : 0:  execjs (2.0.2) from /Users/alexandr/.rvm/gems/ruby-2.1.0@law/specifications/execjs-2.0.2.gemspec
I, [2014-05-21T10:25:23.661481 #63126]  INFO -- : 0:  coffee-script (2.2.0) from /Users/alexandr/.rvm/gems/ruby-2.1.0@law/specifications/coffee-script-2.2.0.gemspec
I, [2014-05-21T10:25:25.050173 #63126]  INFO -- : 0:  thor (0.19.1) from /Users/alexandr/.rvm/gems/ruby-2.1.0@law/specifications/thor-0.19.1.gemspec
I, [2014-05-21T10:25:26.655902 #63126]  INFO -- : 0:  railties (4.0.3) from /Users/alexandr/.rvm/gems/ruby-2.1.0@law/specifications/railties-4.0.3.gemspec
I, [2014-05-21T10:25:27.725366 #63126]  INFO -- : 0:  coffee-rails (4.0.1) from /Users/alexandr/.rvm/gems/ruby-2.1.0@law/specifications/coffee-rails-4.0.1.gemspec
I, [2014-05-21T10:25:28.974481 #63126]  INFO -- : 0:  diff-lcs (1.2.5) from /Users/alexandr/.rvm/gems/ruby-2.1.0@law/specifications/diff-lcs-1.2.5.gemspec
I, [2014-05-21T10:25:48.524972 #63126]  INFO -- : 0:  gherkin (2.12.2) from /Users/alexandr/.rvm/gems/ruby-2.1.0@law/specifications/gherkin-2.12.2.gemspec
I, [2014-05-21T10:25:49.578560 #63126]  INFO -- : 0:  multi_test (0.1.1) from /Users/alexandr/.rvm/gems/ruby-2.1.0@law/specifications/multi_test-0.1.1.gemspec
I, [2014-05-21T10:25:51.549743 #63126]  INFO -- : 0:  cucumber (1.3.15) from /Users/alexandr/.rvm/gems/ruby-2.1.0@law/specifications/cucumber-1.3.15.gemspec
I, [2014-05-21T10:25:53.523507 #63126]  INFO -- : 0:  cucumber-rails (1.3.0) from /Users/alexandr/.rvm/gems/ruby-2.1.0@law/specifications/cucumber-rails-1.3.0.gemspec
I, [2014-05-21T10:25:53.602517 #63126]  INFO -- : 0:  database_cleaner (1.2.0) from /Users/alexandr/.rvm/gems/ruby-2.1.0@law/bundler/gems/database_cleaner-35bd646903fc/database_cleaner.gemspec
I, [2014-05-21T10:25:54.927445 #63126]  INFO -- : 0:  factory_girl (4.2.0) from /Users/alexandr/.rvm/gems/ruby-2.1.0@law/specifications/factory_girl-4.2.0.gemspec
I, [2014-05-21T10:25:56.039792 #63126]  INFO -- : 0:  factory_girl_rails (4.2.0) from /Users/alexandr/.rvm/gems/ruby-2.1.0@law/specifications/factory_girl_rails-4.2.0.gemspec
I, [2014-05-21T10:25:57.880691 #63126]  INFO -- : 0:  faker (1.1.2) from /Users/alexandr/.rvm/gems/ruby-2.1.0@law/specifications/faker-1.1.2.gemspec
I, [2014-05-21T10:25:58.951028 #63126]  INFO -- : 0:  formatador (0.2.4) from /Users/alexandr/.rvm/gems/ruby-2.1.0@law/specifications/formatador-0.2.4.gemspec
I, [2014-05-21T10:26:00.061408 #63126]  INFO -- : 0:  growl (1.0.3) from /Users/alexandr/.rvm/gems/ruby-2.1.0@law/specifications/growl-1.0.3.gemspec
I, [2014-05-21T10:26:01.426593 #63126]  INFO -- : 0:  rb-fsevent (0.9.4) from /Users/alexandr/.rvm/gems/ruby-2.1.0@law/specifications/rb-fsevent-0.9.4.gemspec
I, [2014-05-21T10:26:02.561874 #63126]  INFO -- : 0:  rb-inotify (0.9.4) from /Users/alexandr/.rvm/gems/ruby-2.1.0@law/specifications/rb-inotify-0.9.4.gemspec
I, [2014-05-21T10:26:03.733300 #63126]  INFO -- : 0:  listen (2.7.4) from /Users/alexandr/.rvm/gems/ruby-2.1.0@law/specifications/listen-2.7.4.gemspec
I, [2014-05-21T10:26:04.868531 #63126]  INFO -- : 0:  lumberjack (1.0.5) from /Users/alexandr/.rvm/gems/ruby-2.1.0@law/specifications/lumberjack-1.0.5.gemspec
I, [2014-05-21T10:26:05.895000 #63126]  INFO -- : 0:  method_source (0.8.2) from /Users/alexandr/.rvm/gems/ruby-2.1.0@law/specifications/method_source-0.8.2.gemspec
I, [2014-05-21T10:26:07.013280 #63126]  INFO -- : 0:  slop (3.5.0) from /Users/alexandr/.rvm/gems/ruby-2.1.0@law/specifications/slop-3.5.0.gemspec
I, [2014-05-21T10:26:08.582528 #63126]  INFO -- : 0:  pry (0.9.12.6) from /Users/alexandr/.rvm/gems/ruby-2.1.0@law/specifications/pry-0.9.12.6.gemspec
I, [2014-05-21T10:26:10.195090 #63126]  INFO -- : 0:  guard (2.6.1) from /Users/alexandr/.rvm/gems/ruby-2.1.0@law/specifications/guard-2.6.1.gemspec
I, [2014-05-21T10:26:11.875190 #63126]  INFO -- : 0:  rspec-core (2.13.1) from /Users/alexandr/.rvm/gems/ruby-2.1.0@law/specifications/rspec-core-2.13.1.gemspec
I, [2014-05-21T10:26:13.267769 #63126]  INFO -- : 0:  rspec-expectations (2.13.0) from /Users/alexandr/.rvm/gems/ruby-2.1.0@law/specifications/rspec-expectations-2.13.0.gemspec
I, [2014-05-21T10:26:14.672866 #63126]  INFO -- : 0:  rspec-mocks (2.13.1) from /Users/alexandr/.rvm/gems/ruby-2.1.0@law/specifications/rspec-mocks-2.13.1.gemspec
I, [2014-05-21T10:26:15.779378 #63126]  INFO -- : 0:  rspec (2.13.0) from /Users/alexandr/.rvm/gems/ruby-2.1.0@law/specifications/rspec-2.13.0.gemspec
I, [2014-05-21T10:26:16.924273 #63126]  INFO -- : 0:  guard-rspec (2.5.0) from /Users/alexandr/.rvm/gems/ruby-2.1.0@law/specifications/guard-rspec-2.5.0.gemspec
I, [2014-05-21T10:26:18.054477 #63126]  INFO -- : 0:  spork (1.0.0rc4) from /Users/alexandr/.rvm/gems/ruby-2.1.0@law/specifications/spork-1.0.0rc4.gemspec
I, [2014-05-21T10:26:19.099195 #63126]  INFO -- : 0:  guard-spork (1.5.0) from /Users/alexandr/.rvm/gems/ruby-2.1.0@law/specifications/guard-spork-1.5.0.gemspec
I, [2014-05-21T10:26:20.158476 #63126]  INFO -- : 0:  hike (1.2.3) from /Users/alexandr/.rvm/gems/ruby-2.1.0@law/specifications/hike-1.2.3.gemspec
I, [2014-05-21T10:26:21.492524 #63126]  INFO -- : 0:  jbuilder (1.0.2) from /Users/alexandr/.rvm/gems/ruby-2.1.0@law/specifications/jbuilder-1.0.2.gemspec
I, [2014-05-21T10:26:23.045723 #63126]  INFO -- : 0:  jquery-rails (3.0.4) from /Users/alexandr/.rvm/gems/ruby-2.1.0@law/specifications/jquery-rails-3.0.4.gemspec
I, [2014-05-21T10:26:23.046190 #63126]  INFO -- : 0:  json (1.8.1) from /Users/alexandr/.rvm/rubies/ruby-2.1.0/lib/ruby/gems/2.1.0/specifications/default/json-1.8.1.gemspec
E, [2014-05-21T10:26:24.760859 #63126] ERROR -- : Gem::Ext::BuildError: ERROR: Failed to build gem native extension.

    /Users/alexandr/.rvm/rubies/ruby-2.1.0/bin/ruby extconf.rb 
checking for pg_config... no
No pg_config... trying anyway. If building fails, please try again with
 --with-pg-config=/path/to/pg_config
checking for libpq-fe.h... no
Can't find the 'libpq-fe.h header
*** extconf.rb failed ***
Could not create Makefile due to some reason, probably lack of necessary
libraries and/or headers.  Check the mkmf.log file for more details.  You may
need configuration options.

Provided configuration options:
	--with-opt-dir
	--without-opt-dir
	--with-opt-include
	--without-opt-include=${opt-dir}/include
	--with-opt-lib
	--without-opt-lib=${opt-dir}/lib
	--with-make-prog
	--without-make-prog
	--srcdir=.
	--curdir
	--ruby=/Users/alexandr/.rvm/rubies/ruby-2.1.0/bin/ruby
	--with-pg
	--without-pg
	--with-pg-dir
	--without-pg-dir
	--with-pg-include
	--without-pg-include=${pg-dir}/include
	--with-pg-lib
	--without-pg-lib=${pg-dir}/lib
	--with-pg-config
	--without-pg-config
	--with-pg_config
	--without-pg_config

extconf failed, exit code 1

Gem files will remain installed in /Users/alexandr/.rvm/gems/ruby-2.1.0@law/gems/pg-0.15.1 for inspection.
Results logged to /Users/alexandr/.rvm/gems/ruby-2.1.0@law/extensions/x86_64-darwin-12/2.1.0-static/pg-0.15.1/gem_make.out

/Users/alexandr/.rvm/rubies/ruby-2.1.0/lib/ruby/site_ruby/2.1.0/rubygems/ext/builder.rb:89:in `run'  \n/Users/alexandr/.rvm/rubies/ruby-2.1.0/lib/ruby/site_ruby/2.1.0/rubygems/ext/ext_conf_builder.rb:38:in `block in build'  \n/Users/alexandr/.rvm/rubies/ruby-2.1.0/lib/ruby/2.1.0/tempfile.rb:324:in `open'  \n/Users/alexandr/.rvm/rubies/ruby-2.1.0/lib/ruby/site_ruby/2.1.0/rubygems/ext/ext_conf_builder.rb:17:in `build'  \n/Users/alexandr/.rvm/rubies/ruby-2.1.0/lib/ruby/site_ruby/2.1.0/rubygems/ext/builder.rb:161:in `block (2 levels) in build_extension'  \n/Users/alexandr/.rvm/rubies/ruby-2.1.0/lib/ruby/site_ruby/2.1.0/rubygems/ext/builder.rb:160:in `chdir'  \n/Users/alexandr/.rvm/rubies/ruby-2.1.0/lib/ruby/site_ruby/2.1.0/rubygems/ext/builder.rb:160:in `block in build_extension'  \n/Users/alexandr/.rvm/rubies/ruby-2.1.0/lib/ruby/site_ruby/2.1.0/rubygems/ext/builder.rb:159:in `synchronize'  \n/Users/alexandr/.rvm/rubies/ruby-2.1.0/lib/ruby/site_ruby/2.1.0/rubygems/ext/builder.rb:159:in `build_extension'  \n/Users/alexandr/.rvm/rubies/ruby-2.1.0/lib/ruby/site_ruby/2.1.0/rubygems/ext/builder.rb:198:in `block in build_extensions'  \n/Users/alexandr/.rvm/rubies/ruby-2.1.0/lib/ruby/site_ruby/2.1.0/rubygems/ext/builder.rb:195:in `each'  \n/Users/alexandr/.rvm/rubies/ruby-2.1.0/lib/ruby/site_ruby/2.1.0/rubygems/ext/builder.rb:195:in `build_extensions'  \n/Users/alexandr/.rvm/rubies/ruby-2.1.0/lib/ruby/site_ruby/2.1.0/rubygems/installer.rb:677:in `build_extensions'  \n/Users/alexandr/.rvm/rubies/ruby-2.1.0/lib/ruby/site_ruby/2.1.0/rubygems/installer.rb:232:in `install'  \n/Users/alexandr/.rvm/gems/ruby-2.1.0@global/gems/bundler-1.5.1/lib/bundler/source/rubygems.rb:101:in `block in install'  \n/Users/alexandr/.rvm/gems/ruby-2.1.0@global/gems/bundler-1.5.1/lib/bundler/rubygems_integration.rb:118:in `preserve_paths'  \n/Users/alexandr/.rvm/gems/ruby-2.1.0@global/gems/bundler-1.5.1/lib/bundler/source/rubygems.rb:94:in `install'  \n/Users/alexandr/.rvm/gems/ruby-2.1.0@global/gems/bundler-1.5.1/lib/bundler/installer.rb:111:in `block in install_gem_from_spec'  \n/Users/alexandr/.rvm/gems/ruby-2.1.0@global/gems/bundler-1.5.1/lib/bundler/rubygems_integration.rb:150:in `with_build_args'  \n/Users/alexandr/.rvm/gems/ruby-2.1.0@global/gems/bundler-1.5.1/lib/bundler/installer.rb:110:in `install_gem_from_spec'  \n/Users/alexandr/.rvm/gems/ruby-2.1.0@global/gems/bundler-1.5.1/lib/bundler/installer.rb:295:in `block in install_sequentially'  \n/Users/alexandr/.rvm/rubies/ruby-2.1.0/lib/ruby/2.1.0/forwardable.rb:183:in `each'  \n/Users/alexandr/.rvm/rubies/ruby-2.1.0/lib/ruby/2.1.0/forwardable.rb:183:in `each'  \n/Users/alexandr/.rvm/gems/ruby-2.1.0@global/gems/bundler-1.5.1/lib/bundler/installer.rb:294:in `install_sequentially'  \n/Users/alexandr/.rvm/gems/ruby-2.1.0@global/gems/bundler-1.5.1/lib/bundler/installer.rb:97:in `run'  \n/Users/alexandr/.rvm/gems/ruby-2.1.0@global/gems/bundler-1.5.1/lib/bundler/installer.rb:15:in `install'  \n/Users/alexandr/.rvm/gems/ruby-2.1.0@global/gems/bundler-1.5.1/lib/bundler/cli.rb:257:in `install'  \n/Users/alexandr/.rvm/gems/ruby-2.1.0@global/gems/bundler-1.5.1/lib/bundler/vendor/thor/command.rb:27:in `run'  \n/Users/alexandr/.rvm/gems/ruby-2.1.0@global/gems/bundler-1.5.1/lib/bundler/vendor/thor/invocation.rb:120:in `invoke_command'  \n/Users/alexandr/.rvm/gems/ruby-2.1.0@global/gems/bundler-1.5.1/lib/bundler/vendor/thor.rb:363:in `dispatch'  \n/Users/alexandr/.rvm/gems/ruby-2.1.0@global/gems/bundler-1.5.1/lib/bundler/vendor/thor/base.rb:438:in `start'  \n/Users/alexandr/.rvm/gems/ruby-2.1.0@global/gems/bundler-1.5.1/lib/bundler/cli.rb:10:in `start'  \n/Users/alexandr/.rvm/gems/ruby-2.1.0@global/gems/bundler-1.5.1/bin/bundle:22:in `block in <top (required)>'  \n/Users/alexandr/.rvm/gems/ruby-2.1.0@global/gems/bundler-1.5.1/lib/bundler/friendly_errors.rb:5:in `with_friendly_errors'  \n/Users/alexandr/.rvm/gems/ruby-2.1.0@global/gems/bundler-1.5.1/bin/bundle:22:in `<top (required)>'  \n/Users/alexandr/.rvm/gems/ruby-2.1.0@global/bin/bundle:23:in `load'  \n/Users/alexandr/.rvm/gems/ruby-2.1.0@global/bin/bundle:23:in `<main>'  \n/Users/alexandr/.rvm/gems/ruby-2.1.0@global/bin/ruby_executable_hooks:15:in `eval'  \n/Users/alexandr/.rvm/gems/ruby-2.1.0@global/bin/ruby_executable_hooks:15:in `<main>'
I, [2014-05-21T10:28:21.715446 #82121]  INFO -- : 0:  rake (10.3.1) from /Users/alexandr/.rvm/gems/ruby-2.1.0@law/specifications/rake-10.3.1.gemspec
I, [2014-05-21T10:28:21.715784 #82121]  INFO -- : 0:  i18n (0.6.9) from /Users/alexandr/.rvm/gems/ruby-2.1.0@law/specifications/i18n-0.6.9.gemspec
I, [2014-05-21T10:28:21.716052 #82121]  INFO -- : 0:  minitest (4.7.5) from /Users/alexandr/.rvm/rubies/ruby-2.1.0/lib/ruby/gems/2.1.0/specifications/default/minitest-4.7.5.gemspec
I, [2014-05-21T10:28:21.716318 #82121]  INFO -- : 0:  multi_json (1.10.0) from /Users/alexandr/.rvm/gems/ruby-2.1.0@law/specifications/multi_json-1.10.0.gemspec
I, [2014-05-21T10:28:21.716569 #82121]  INFO -- : 0:  thread_safe (0.3.3) from /Users/alexandr/.rvm/gems/ruby-2.1.0@law/specifications/thread_safe-0.3.3.gemspec
I, [2014-05-21T10:28:21.716811 #82121]  INFO -- : 0:  tzinfo (0.3.39) from /Users/alexandr/.rvm/gems/ruby-2.1.0@law/specifications/tzinfo-0.3.39.gemspec
I, [2014-05-21T10:28:21.717055 #82121]  INFO -- : 0:  activesupport (4.0.3) from /Users/alexandr/.rvm/gems/ruby-2.1.0@law/specifications/activesupport-4.0.3.gemspec
I, [2014-05-21T10:28:21.717305 #82121]  INFO -- : 0:  builder (3.1.4) from /Users/alexandr/.rvm/gems/ruby-2.1.0@law/specifications/builder-3.1.4.gemspec
I, [2014-05-21T10:28:21.717550 #82121]  INFO -- : 0:  erubis (2.7.0) from /Users/alexandr/.rvm/gems/ruby-2.1.0@law/specifications/erubis-2.7.0.gemspec
I, [2014-05-21T10:28:21.717790 #82121]  INFO -- : 0:  rack (1.5.2) from /Users/alexandr/.rvm/gems/ruby-2.1.0@law/specifications/rack-1.5.2.gemspec
I, [2014-05-21T10:28:21.718033 #82121]  INFO -- : 0:  rack-test (0.6.2) from /Users/alexandr/.rvm/gems/ruby-2.1.0@law/specifications/rack-test-0.6.2.gemspec
I, [2014-05-21T10:28:21.718278 #82121]  INFO -- : 0:  actionpack (4.0.3) from /Users/alexandr/.rvm/gems/ruby-2.1.0@law/specifications/actionpack-4.0.3.gemspec
I, [2014-05-21T10:28:21.718515 #82121]  INFO -- : 0:  mime-types (1.25.1) from /Users/alexandr/.rvm/gems/ruby-2.1.0@law/specifications/mime-types-1.25.1.gemspec
I, [2014-05-21T10:28:21.718779 #82121]  INFO -- : 0:  polyglot (0.3.4) from /Users/alexandr/.rvm/gems/ruby-2.1.0@law/specifications/polyglot-0.3.4.gemspec
I, [2014-05-21T10:28:21.719028 #82121]  INFO -- : 0:  treetop (1.4.15) from /Users/alexandr/.rvm/gems/ruby-2.1.0@law/specifications/treetop-1.4.15.gemspec
I, [2014-05-21T10:28:21.719271 #82121]  INFO -- : 0:  mail (2.5.4) from /Users/alexandr/.rvm/gems/ruby-2.1.0@law/specifications/mail-2.5.4.gemspec
I, [2014-05-21T10:28:21.719513 #82121]  INFO -- : 0:  actionmailer (4.0.3) from /Users/alexandr/.rvm/gems/ruby-2.1.0@law/specifications/actionmailer-4.0.3.gemspec
I, [2014-05-21T10:28:21.719756 #82121]  INFO -- : 0:  activemodel (4.0.3) from /Users/alexandr/.rvm/gems/ruby-2.1.0@law/specifications/activemodel-4.0.3.gemspec
I, [2014-05-21T10:28:21.720009 #82121]  INFO -- : 0:  activerecord-deprecated_finders (1.0.3) from /Users/alexandr/.rvm/gems/ruby-2.1.0@law/specifications/activerecord-deprecated_finders-1.0.3.gemspec
I, [2014-05-21T10:28:21.720233 #82121]  INFO -- : 0:  arel (4.0.2) from /Users/alexandr/.rvm/gems/ruby-2.1.0@law/specifications/arel-4.0.2.gemspec
I, [2014-05-21T10:28:21.720485 #82121]  INFO -- : 0:  activerecord (4.0.3) from /Users/alexandr/.rvm/gems/ruby-2.1.0@law/specifications/activerecord-4.0.3.gemspec
I, [2014-05-21T10:28:21.720722 #82121]  INFO -- : 0:  bcrypt-ruby (3.1.2) from /Users/alexandr/.rvm/gems/ruby-2.1.0@law/specifications/bcrypt-ruby-3.1.2.gemspec
I, [2014-05-21T10:28:21.720959 #82121]  INFO -- : 0:  sass (3.3.7) from /Users/alexandr/.rvm/gems/ruby-2.1.0@law/specifications/sass-3.3.7.gemspec
I, [2014-05-21T10:28:21.721206 #82121]  INFO -- : 0:  bootstrap-sass (3.1.1.1) from /Users/alexandr/.rvm/gems/ruby-2.1.0@law/specifications/bootstrap-sass-3.1.1.1.gemspec
I, [2014-05-21T10:28:21.721447 #82121]  INFO -- : 0:  will_paginate (3.0.4) from /Users/alexandr/.rvm/gems/ruby-2.1.0@law/specifications/will_paginate-3.0.4.gemspec
I, [2014-05-21T10:28:21.721752 #82121]  INFO -- : 0:  bootstrap-will_paginate (0.0.10) from /Users/alexandr/.rvm/gems/ruby-2.1.0@law/specifications/bootstrap-will_paginate-0.0.10.gemspec
I, [2014-05-21T10:28:21.721986 #82121]  INFO -- : 0:  mini_portile (0.5.3) from /Users/alexandr/.rvm/gems/ruby-2.1.0@law/specifications/mini_portile-0.5.3.gemspec
I, [2014-05-21T10:28:21.722211 #82121]  INFO -- : 0:  nokogiri (1.6.1) from /Users/alexandr/.rvm/gems/ruby-2.1.0@law/specifications/nokogiri-1.6.1.gemspec
I, [2014-05-21T10:28:21.722422 #82121]  INFO -- : 0:  xpath (2.0.0) from /Users/alexandr/.rvm/gems/ruby-2.1.0@law/specifications/xpath-2.0.0.gemspec
I, [2014-05-21T10:28:21.722645 #82121]  INFO -- : 0:  capybara (2.1.0) from /Users/alexandr/.rvm/gems/ruby-2.1.0@law/specifications/capybara-2.1.0.gemspec
I, [2014-05-21T10:28:21.722856 #82121]  INFO -- : 0:  timers (1.1.0) from /Users/alexandr/.rvm/gems/ruby-2.1.0@law/specifications/timers-1.1.0.gemspec
I, [2014-05-21T10:28:21.723065 #82121]  INFO -- : 0:  celluloid (0.15.2) from /Users/alexandr/.rvm/gems/ruby-2.1.0@law/specifications/celluloid-0.15.2.gemspec
I, [2014-05-21T10:28:21.723274 #82121]  INFO -- : 0:  nio4r (1.0.0) from /Users/alexandr/.rvm/gems/ruby-2.1.0@law/specifications/nio4r-1.0.0.gemspec
I, [2014-05-21T10:28:21.723463 #82121]  INFO -- : 0:  celluloid-io (0.15.0) from /Users/alexandr/.rvm/gems/ruby-2.1.0@law/specifications/celluloid-io-0.15.0.gemspec
I, [2014-05-21T10:28:21.723661 #82121]  INFO -- : 0:  ffi (1.9.3) from /Users/alexandr/.rvm/gems/ruby-2.1.0@law/specifications/ffi-1.9.3.gemspec
I, [2014-05-21T10:28:21.723874 #82121]  INFO -- : 0:  childprocess (0.3.6) from /Users/alexandr/.rvm/gems/ruby-2.1.0@law/specifications/childprocess-0.3.6.gemspec
I, [2014-05-21T10:28:21.724086 #82121]  INFO -- : 0:  coderay (1.1.0) from /Users/alexandr/.rvm/gems/ruby-2.1.0@law/specifications/coderay-1.1.0.gemspec
I, [2014-05-21T10:28:21.724300 #82121]  INFO -- : 0:  coffee-script-source (1.7.0) from /Users/alexandr/.rvm/gems/ruby-2.1.0@law/specifications/coffee-script-source-1.7.0.gemspec
I, [2014-05-21T10:28:21.724539 #82121]  INFO -- : 0:  execjs (2.0.2) from /Users/alexandr/.rvm/gems/ruby-2.1.0@law/specifications/execjs-2.0.2.gemspec
I, [2014-05-21T10:28:21.724742 #82121]  INFO -- : 0:  coffee-script (2.2.0) from /Users/alexandr/.rvm/gems/ruby-2.1.0@law/specifications/coffee-script-2.2.0.gemspec
I, [2014-05-21T10:28:21.724925 #82121]  INFO -- : 0:  thor (0.19.1) from /Users/alexandr/.rvm/gems/ruby-2.1.0@law/specifications/thor-0.19.1.gemspec
I, [2014-05-21T10:28:21.725143 #82121]  INFO -- : 0:  railties (4.0.3) from /Users/alexandr/.rvm/gems/ruby-2.1.0@law/specifications/railties-4.0.3.gemspec
I, [2014-05-21T10:28:21.725369 #82121]  INFO -- : 0:  coffee-rails (4.0.1) from /Users/alexandr/.rvm/gems/ruby-2.1.0@law/specifications/coffee-rails-4.0.1.gemspec
I, [2014-05-21T10:28:21.725596 #82121]  INFO -- : 0:  diff-lcs (1.2.5) from /Users/alexandr/.rvm/gems/ruby-2.1.0@law/specifications/diff-lcs-1.2.5.gemspec
I, [2014-05-21T10:28:21.725809 #82121]  INFO -- : 0:  gherkin (2.12.2) from /Users/alexandr/.rvm/gems/ruby-2.1.0@law/specifications/gherkin-2.12.2.gemspec
I, [2014-05-21T10:28:21.726009 #82121]  INFO -- : 0:  multi_test (0.1.1) from /Users/alexandr/.rvm/gems/ruby-2.1.0@law/specifications/multi_test-0.1.1.gemspec
I, [2014-05-21T10:28:21.726230 #82121]  INFO -- : 0:  cucumber (1.3.15) from /Users/alexandr/.rvm/gems/ruby-2.1.0@law/specifications/cucumber-1.3.15.gemspec
I, [2014-05-21T10:28:21.726419 #82121]  INFO -- : 0:  cucumber-rails (1.3.0) from /Users/alexandr/.rvm/gems/ruby-2.1.0@law/specifications/cucumber-rails-1.3.0.gemspec
I, [2014-05-21T10:28:21.816883 #82121]  INFO -- : 0:  database_cleaner (1.2.0) from /Users/alexandr/.rvm/gems/ruby-2.1.0@law/bundler/gems/database_cleaner-35bd646903fc/database_cleaner.gemspec
I, [2014-05-21T10:28:21.817533 #82121]  INFO -- : 0:  factory_girl (4.2.0) from /Users/alexandr/.rvm/gems/ruby-2.1.0@law/specifications/factory_girl-4.2.0.gemspec
I, [2014-05-21T10:28:21.818039 #82121]  INFO -- : 0:  factory_girl_rails (4.2.0) from /Users/alexandr/.rvm/gems/ruby-2.1.0@law/specifications/factory_girl_rails-4.2.0.gemspec
I, [2014-05-21T10:28:21.818507 #82121]  INFO -- : 0:  faker (1.1.2) from /Users/alexandr/.rvm/gems/ruby-2.1.0@law/specifications/faker-1.1.2.gemspec
I, [2014-05-21T10:28:21.818965 #82121]  INFO -- : 0:  formatador (0.2.4) from /Users/alexandr/.rvm/gems/ruby-2.1.0@law/specifications/formatador-0.2.4.gemspec
I, [2014-05-21T10:28:21.819380 #82121]  INFO -- : 0:  growl (1.0.3) from /Users/alexandr/.rvm/gems/ruby-2.1.0@law/specifications/growl-1.0.3.gemspec
I, [2014-05-21T10:28:21.819864 #82121]  INFO -- : 0:  rb-fsevent (0.9.4) from /Users/alexandr/.rvm/gems/ruby-2.1.0@law/specifications/rb-fsevent-0.9.4.gemspec
I, [2014-05-21T10:28:21.820331 #82121]  INFO -- : 0:  rb-inotify (0.9.4) from /Users/alexandr/.rvm/gems/ruby-2.1.0@law/specifications/rb-inotify-0.9.4.gemspec
I, [2014-05-21T10:28:21.820773 #82121]  INFO -- : 0:  listen (2.7.4) from /Users/alexandr/.rvm/gems/ruby-2.1.0@law/specifications/listen-2.7.4.gemspec
I, [2014-05-21T10:28:21.821186 #82121]  INFO -- : 0:  lumberjack (1.0.5) from /Users/alexandr/.rvm/gems/ruby-2.1.0@law/specifications/lumberjack-1.0.5.gemspec
I, [2014-05-21T10:28:21.821489 #82121]  INFO -- : 0:  method_source (0.8.2) from /Users/alexandr/.rvm/gems/ruby-2.1.0@law/specifications/method_source-0.8.2.gemspec
I, [2014-05-21T10:28:21.821789 #82121]  INFO -- : 0:  slop (3.5.0) from /Users/alexandr/.rvm/gems/ruby-2.1.0@law/specifications/slop-3.5.0.gemspec
I, [2014-05-21T10:28:21.822087 #82121]  INFO -- : 0:  pry (0.9.12.6) from /Users/alexandr/.rvm/gems/ruby-2.1.0@law/specifications/pry-0.9.12.6.gemspec
I, [2014-05-21T10:28:21.822387 #82121]  INFO -- : 0:  guard (2.6.1) from /Users/alexandr/.rvm/gems/ruby-2.1.0@law/specifications/guard-2.6.1.gemspec
I, [2014-05-21T10:28:21.822677 #82121]  INFO -- : 0:  rspec-core (2.13.1) from /Users/alexandr/.rvm/gems/ruby-2.1.0@law/specifications/rspec-core-2.13.1.gemspec
I, [2014-05-21T10:28:21.822987 #82121]  INFO -- : 0:  rspec-expectations (2.13.0) from /Users/alexandr/.rvm/gems/ruby-2.1.0@law/specifications/rspec-expectations-2.13.0.gemspec
I, [2014-05-21T10:28:21.823292 #82121]  INFO -- : 0:  rspec-mocks (2.13.1) from /Users/alexandr/.rvm/gems/ruby-2.1.0@law/specifications/rspec-mocks-2.13.1.gemspec
I, [2014-05-21T10:28:21.823559 #82121]  INFO -- : 0:  rspec (2.13.0) from /Users/alexandr/.rvm/gems/ruby-2.1.0@law/specifications/rspec-2.13.0.gemspec
I, [2014-05-21T10:28:21.823843 #82121]  INFO -- : 0:  guard-rspec (2.5.0) from /Users/alexandr/.rvm/gems/ruby-2.1.0@law/specifications/guard-rspec-2.5.0.gemspec
I, [2014-05-21T10:28:21.824133 #82121]  INFO -- : 0:  spork (1.0.0rc4) from /Users/alexandr/.rvm/gems/ruby-2.1.0@law/specifications/spork-1.0.0rc4.gemspec
I, [2014-05-21T10:28:21.824421 #82121]  INFO -- : 0:  guard-spork (1.5.0) from /Users/alexandr/.rvm/gems/ruby-2.1.0@law/specifications/guard-spork-1.5.0.gemspec
I, [2014-05-21T10:28:21.824718 #82121]  INFO -- : 0:  hike (1.2.3) from /Users/alexandr/.rvm/gems/ruby-2.1.0@law/specifications/hike-1.2.3.gemspec
I, [2014-05-21T10:28:21.825004 #82121]  INFO -- : 0:  jbuilder (1.0.2) from /Users/alexandr/.rvm/gems/ruby-2.1.0@law/specifications/jbuilder-1.0.2.gemspec
I, [2014-05-21T10:28:21.825304 #82121]  INFO -- : 0:  jquery-rails (3.0.4) from /Users/alexandr/.rvm/gems/ruby-2.1.0@law/specifications/jquery-rails-3.0.4.gemspec
I, [2014-05-21T10:28:21.825605 #82121]  INFO -- : 0:  json (1.8.1) from /Users/alexandr/.rvm/rubies/ruby-2.1.0/lib/ruby/gems/2.1.0/specifications/default/json-1.8.1.gemspec
I, [2014-05-21T10:28:21.825886 #82121]  INFO -- : 0:  bundler (1.5.1) from /Users/alexandr/.rvm/gems/ruby-2.1.0@global/specifications/bundler-1.5.1.gemspec
I, [2014-05-21T10:28:23.489193 #82121]  INFO -- : 0:  tilt (1.4.1) from /Users/alexandr/.rvm/gems/ruby-2.1.0@law/specifications/tilt-1.4.1.gemspec
I, [2014-05-21T10:28:24.702819 #82121]  INFO -- : 0:  sprockets (2.11.0) from /Users/alexandr/.rvm/gems/ruby-2.1.0@law/specifications/sprockets-2.11.0.gemspec
I, [2014-05-21T10:28:25.806330 #82121]  INFO -- : 0:  sprockets-rails (2.0.1) from /Users/alexandr/.rvm/gems/ruby-2.1.0@law/specifications/sprockets-rails-2.0.1.gemspec
I, [2014-05-21T10:28:30.802332 #82121]  INFO -- : 0:  rails (4.0.3) from /Users/alexandr/.rvm/gems/ruby-2.1.0@law/specifications/rails-4.0.3.gemspec
I, [2014-05-21T10:28:32.291864 #82121]  INFO -- : 0:  rails-i18n (4.0.2) from /Users/alexandr/.rvm/gems/ruby-2.1.0@law/specifications/rails-i18n-4.0.2.gemspec
I, [2014-05-21T10:28:34.609222 #82121]  INFO -- : 0:  rdoc (3.12.2) from /Users/alexandr/.rvm/gems/ruby-2.1.0@law/specifications/rdoc-3.12.2.gemspec
I, [2014-05-21T10:28:35.970898 #82121]  INFO -- : 0:  rspec-rails (2.13.1) from /Users/alexandr/.rvm/gems/ruby-2.1.0@law/specifications/rspec-rails-2.13.1.gemspec
I, [2014-05-21T10:28:37.243509 #82121]  INFO -- : 0:  rubyzip (0.9.9) from /Users/alexandr/.rvm/gems/ruby-2.1.0@law/specifications/rubyzip-0.9.9.gemspec
I, [2014-05-21T10:28:38.765505 #82121]  INFO -- : 0:  sass-rails (4.0.1) from /Users/alexandr/.rvm/gems/ruby-2.1.0@law/specifications/sass-rails-4.0.1.gemspec
I, [2014-05-21T10:28:40.731843 #82121]  INFO -- : 0:  sdoc (0.3.20) from /Users/alexandr/.rvm/gems/ruby-2.1.0@law/specifications/sdoc-0.3.20.gemspec
I, [2014-05-21T10:28:41.980868 #82121]  INFO -- : 0:  websocket (1.0.7) from /Users/alexandr/.rvm/gems/ruby-2.1.0@law/specifications/websocket-1.0.7.gemspec
I, [2014-05-21T10:28:52.174563 #82121]  INFO -- : 0:  selenium-webdriver (2.35.1) from /Users/alexandr/.rvm/gems/ruby-2.1.0@law/specifications/selenium-webdriver-2.35.1.gemspec
I, [2014-05-21T10:28:53.364323 #82121]  INFO -- : 0:  spork-rails (4.0.0) from /Users/alexandr/.rvm/gems/ruby-2.1.0@law/specifications/spork-rails-4.0.0.gemspec
I, [2014-05-21T10:28:56.215817 #82121]  INFO -- : 0:  sqlite3 (1.3.8) from /Users/alexandr/.rvm/gems/ruby-2.1.0@law/specifications/sqlite3-1.3.8.gemspec
I, [2014-05-21T10:28:57.537621 #82121]  INFO -- : 0:  uglifier (2.1.1) from /Users/alexandr/.rvm/gems/ruby-2.1.0@law/specifications/uglifier-2.1.1.gemspec
